[debug] [2025-05-16T05:49:20.882Z] ----------------------------------------------------------------------
[debug] [2025-05-16T05:49:20.887Z] Command:       C:\Program Files\nodejs\node.exe C:\Users\Abhi\AppData\Roaming\npm\node_modules\firebase-tools\lib\bin\firebase.js init
[debug] [2025-05-16T05:49:20.889Z] CLI Version:   14.3.1
[debug] [2025-05-16T05:49:20.890Z] Platform:      win32
[debug] [2025-05-16T05:49:20.890Z] Node Version:  v22.15.0
[debug] [2025-05-16T05:49:20.892Z] Time:          Fri May 16 2025 11:19:20 GMT+0530 (India Standard Time)
[debug] [2025-05-16T05:49:20.892Z] ----------------------------------------------------------------------
[debug] 
[debug] [2025-05-16T05:49:21.677Z] > command requires scopes: ["email","openid","https://www.googleapis.com/auth/cloudplatformprojects.readonly","https://www.googleapis.com/auth/firebase","https://www.googleapis.com/auth/cloud-platform"]
[debug] [2025-05-16T05:49:21.678Z] > authorizing via signed-in user (abhideshmukh3184@gmail.com)
[info] 
     ######## #### ########  ######## ########     ###     ######  ########
     ##        ##  ##     ## ##       ##     ##  ##   ##  ##       ##
     ######    ##  ########  ######   ########  #########  ######  ######
     ##        ##  ##    ##  ##       ##     ## ##     ##       ## ##
     ##       #### ##     ## ######## ########  ##     ##  ######  ########

You're about to initialize a Firebase project in this directory:

  D:\Abhi\nccf-admin.ifelsesolutions.in\nccf-admin.ifelsesolutions.in

Before we get started, keep in mind:

  * You are initializing within an existing Firebase project directory

